This is pdfTeX, Version 3.141592653-2.6-1.40.27 (TeX Live 2025) (preloaded format=pdflatex 2025.12.8)  1 MAY 2026 10:50
entering extended mode
 restricted \write18 enabled.
 file:line:error style messages enabled.
 %&-line parsing enabled.
**"/Users/yawenvivianxia/Desktop/ORIE 5370/Theoretical Foundation/Nonlinear Features with Parameter-Linear Prediction.tex"
(/Users/yawenvivianxia/Desktop/ORIE 5370/Theoretical Foundation/Nonlinear Features with Parameter-Linear Prediction.tex
LaTeX2e <2024-11-01> patch level 2
L3 programming layer <2025-01-18>
(/usr/local/texlive/2025/texmf-dist/tex/latex/base/article.cls
Document Class: article 2024/06/29 v1.4n Standard LaTeX document class
(/usr/local/texlive/2025/texmf-dist/tex/latex/base/size10.clo
File: size10.clo 2024/06/29 v1.4n Standard LaTeX file (size option)
)
\c@part=\count196
\c@section=\count197
\c@subsection=\count198
\c@subsubsection=\count199
\c@paragraph=\count266
\c@subparagraph=\count267
\c@figure=\count268
\c@table=\count269
\abovecaptionskip=\skip49
\belowcaptionskip=\skip50
\bibindent=\dimen141
) (/usr/local/texlive/2025/texmf-dist/tex/latex/graphics/graphicx.sty
Package: graphicx 2021/09/16 v1.2d Enhanced LaTeX Graphics (DPC,SPQR)
 (/usr/local/texlive/2025/texmf-dist/tex/latex/graphics/keyval.sty
Package: keyval 2022/05/29 v1.15 key=value parser (DPC)
\KV@toks@=\toks17
) (/usr/local/texlive/2025/texmf-dist/tex/latex/graphics/graphics.sty
Package: graphics 2024/08/06 v1.4g Standard LaTeX Graphics (DPC,SPQR)
 (/usr/local/texlive/2025/texmf-dist/tex/latex/graphics/trig.sty
Package: trig 2023/12/02 v1.11 sin cos tan (DPC)
) (/usr/local/texlive/2025/texmf-dist/tex/latex/graphics-cfg/graphics.cfg
File: graphics.cfg 2016/06/04 v1.11 sample graphics configuration
)
Package graphics Info: Driver file: pdftex.def on input line 106.
 (/usr/local/texlive/2025/texmf-dist/tex/latex/graphics-def/pdftex.def
File: pdftex.def 2024/04/13 v1.2c Graphics/color driver for pdftex
))
\Gin@req@height=\dimen142
\Gin@req@width=\dimen143
) (/usr/local/texlive/2025/texmf-dist/tex/latex/l3backend/l3backend-pdftex.def
File: l3backend-pdftex.def 2024-05-08 L3 backend support: PDF output (pdfTeX)
\l__color_backend_stack_int=\count270
\l__pdf_internal_box=\box52
) (./Nonlinear Features with Parameter-Linear Prediction.aux)
\openout1 = `"Nonlinear Features with Parameter-Linear Prediction.aux"'.

LaTeX Font Info:    Checking defaults for OML/cmm/m/it on input line 6.
LaTeX Font Info:    ... okay on input line 6.
LaTeX Font Info:    Checking defaults for OMS/cmsy/m/n on input line 6.
LaTeX Font Info:    ... okay on input line 6.
LaTeX Font Info:    Checking defaults for OT1/cmr/m/n on input line 6.
LaTeX Font Info:    ... okay on input line 6.
LaTeX Font Info:    Checking defaults for T1/cmr/m/n on input line 6.
LaTeX Font Info:    ... okay on input line 6.
LaTeX Font Info:    Checking defaults for TS1/cmr/m/n on input line 6.
LaTeX Font Info:    ... okay on input line 6.
LaTeX Font Info:    Checking defaults for OMX/cmex/m/n on input line 6.
LaTeX Font Info:    ... okay on input line 6.
LaTeX Font Info:    Checking defaults for U/cmr/m/n on input line 6.
LaTeX Font Info:    ... okay on input line 6.
 (/usr/local/texlive/2025/texmf-dist/tex/context/base/mkii/supp-pdf.mkii
[Loading MPS to PDF converter (version 2006.09.02).]
\scratchcounter=\count271
\scratchdimen=\dimen144
\scratchbox=\box53
\nofMPsegments=\count272
\nofMParguments=\count273
\everyMPshowfont=\toks18
\MPscratchCnt=\count274
\MPscratchDim=\dimen145
\MPnumerator=\count275
\makeMPintoPDFobject=\count276
\everyMPtoPDFconversion=\toks19
) (/usr/local/texlive/2025/texmf-dist/tex/latex/epstopdf-pkg/epstopdf-base.sty
Package: epstopdf-base 2020-01-24 v2.11 Base part for package epstopdf
Package epstopdf-base Info: Redefining graphics rule for `.eps' on input line 485.
 (/usr/local/texlive/2025/texmf-dist/tex/latex/latexconfig/epstopdf-sys.cfg
File: epstopdf-sys.cfg 2010/07/13 v1.3 Configuration of (r)epstopdf for TeX Live
))
LaTeX Font Info:    External font `cmex10' loaded for size
(Font)              <12> on input line 8.
LaTeX Font Info:    External font `cmex10' loaded for size
(Font)              <8> on input line 8.
LaTeX Font Info:    External font `cmex10' loaded for size
(Font)              <6> on input line 8.


LaTeX Warning: No \author given.

LaTeX Font Info:    External font `cmex10' loaded for size
(Font)              <7> on input line 20.
LaTeX Font Info:    External font `cmex10' loaded for size
(Font)              <5> on input line 20.
/Users/yawenvivianxia/Desktop/ORIE 5370/Theoretical Foundation/Nonlinear Features with Parameter-Linear Prediction.tex:28: Undefined control sequence.
l.28 Let $x \in \mathbb
                       {R}^{d_x}$ denote the input features and let $y \in \...
The control sequence at the end of the top line
of your error message was never \def'ed. If you have
misspelled it (e.g., `\hobx'), type `I' and the correct
spelling (e.g., `I\hbox'). Otherwise just continue,
and I'll forget about whatever was undefined.

/Users/yawenvivianxia/Desktop/ORIE 5370/Theoretical Foundation/Nonlinear Features with Parameter-Linear Prediction.tex:28: Undefined control sequence.
l.28 ... the input features and let $y \in \mathbb
                                                  {R}^{d_y}$ denote the real...
The control sequence at the end of the top line
of your error message was never \def'ed. If you have
misspelled it (e.g., `\hobx'), type `I' and the correct
spelling (e.g., `I\hbox'). Otherwise just continue,
and I'll forget about whatever was undefined.



[1

{/usr/local/texlive/2025/texmf-var/fonts/map/pdftex/updmap/pdftex.map}]
/Users/yawenvivianxia/Desktop/ORIE 5370/Theoretical Foundation/Nonlinear Features with Parameter-Linear Prediction.tex:65: Undefined control sequence.
l.65 \phi(x) \in \mathbb
                        {R}^{p},
The control sequence at the end of the top line
of your error message was never \def'ed. If you have
misspelled it (e.g., `\hobx'), type `I' and the correct
spelling (e.g., `I\hbox'). Otherwise just continue,
and I'll forget about whatever was undefined.


/Users/yawenvivianxia/Desktop/ORIE 5370/Theoretical Foundation/Nonlinear Features with Parameter-Linear Prediction.tex:78: LaTeX Error: Environment bmatrix undefined.

See the LaTeX manual or LaTeX Companion for explanation.
Type  H <return>  for immediate help.
 ...                                              
                                                  
l.78 \begin{bmatrix}
                    
Your command was ignored.
Type  I <command> <return>  to replace it with another command,
or  <return>  to continue without it.


/Users/yawenvivianxia/Desktop/ORIE 5370/Theoretical Foundation/Nonlinear Features with Parameter-Linear Prediction.tex:81: LaTeX Error: \begin{document} ended by \end{bmatrix}.

See the LaTeX manual or LaTeX Companion for explanation.
Type  H <return>  for immediate help.
 ...                                              
                                                  
l.81 \end{bmatrix}
                  ,
Your command was ignored.
Type  I <command> <return>  to replace it with another command,
or  <return>  to continue without it.

/Users/yawenvivianxia/Desktop/ORIE 5370/Theoretical Foundation/Nonlinear Features with Parameter-Linear Prediction.tex:91: Undefined control sequence.
l.91 ...consider the unconstrained case $S=\mathbb
                                                  {R}^{d_y}$. The inner prob...
The control sequence at the end of the top line
of your error message was never \def'ed. If you have
misspelled it (e.g., `\hobx'), type `I' and the correct
spelling (e.g., `I\hbox'). Otherwise just continue,
and I'll forget about whatever was undefined.

/Users/yawenvivianxia/Desktop/ORIE 5370/Theoretical Foundation/Nonlinear Features with Parameter-Linear Prediction.tex:112: Undefined control sequence.
l.112 ...y_i=\Theta^\top \tilde\phi_i$ into \eqref
                                                  {eq:unconstrained_optimal_...
The control sequence at the end of the top line
of your error message was never \def'ed. If you have
misspelled it (e.g., `\hobx'), type `I' and the correct
spelling (e.g., `I\hbox'). Otherwise just continue,
and I'll forget about whatever was undefined.

/Users/yawenvivianxia/Desktop/ORIE 5370/Theoretical Foundation/Nonlinear Features with Parameter-Linear Prediction.tex:112: Missing $ inserted.
<inserted text> 
                $
l.112 ...ilde\phi_i$ into \eqref{eq:unconstrained_
                                                  optimal_z}, we obtain
I've inserted a begin-math/end-math symbol since I think
you left one out. Proceed, with fingers crossed.

/Users/yawenvivianxia/Desktop/ORIE 5370/Theoretical Foundation/Nonlinear Features with Parameter-Linear Prediction.tex:112: Extra }, or forgotten $.
l.112 ...$ into \eqref{eq:unconstrained_optimal_z}
                                                  , we obtain
I've deleted a group-closing symbol because it seems to be
spurious, as in `$x}$'. But perhaps the } is legitimate and
you forgot something else, as in `\hbox{$x}'. In such cases
the way to recover is to insert both the forgotten and the
deleted material, e.g., by typing `I$}'.


/Users/yawenvivianxia/Desktop/ORIE 5370/Theoretical Foundation/Nonlinear Features with Parameter-Linear Prediction.tex:113: LaTeX Error: Bad math environment delimiter.

See the LaTeX manual or LaTeX Companion for explanation.
Type  H <return>  for immediate help.
 ...                                              
                                                  
l.113 \[
        
Your command was ignored.
Type  I <command> <return>  to replace it with another command,
or  <return>  to continue without it.


/Users/yawenvivianxia/Desktop/ORIE 5370/Theoretical Foundation/Nonlinear Features with Parameter-Linear Prediction.tex:117: LaTeX Error: Bad math environment delimiter.

See the LaTeX manual or LaTeX Companion for explanation.
Type  H <return>  for immediate help.
 ...                                              
                                                  
l.117 \]
        
Your command was ignored.
Type  I <command> <return>  to replace it with another command,
or  <return>  to continue without it.

/Users/yawenvivianxia/Desktop/ORIE 5370/Theoretical Foundation/Nonlinear Features with Parameter-Linear Prediction.tex:118: Missing $ inserted.
<inserted text> 
                $
l.118 
      
I've inserted a begin-math/end-math symbol since I think
you left one out. Proceed, with fingers crossed.


Overfull \hbox (159.80122pt too wide) in paragraph at lines 112--118
[]\OT1/cmr/m/n/10 Substituting the parameter-linear non-lin-ear pre-dic-tor $[] = ^^B[][]$ into eq:unconstrained$[]\OML/cmm/m/it/10 ptimal[]; weobtainz[]\OT1/cmr/m/n/10 (^^B) =
 []



[2]

/Users/yawenvivianxia/Desktop/ORIE 5370/Theoretical Foundation/Nonlinear Features with Parameter-Linear Prediction.tex:127: LaTeX Error: Environment align undefined.

See the LaTeX manual or LaTeX Companion for explanation.
Type  H <return>  for immediate help.
 ...                                              
                                                  
l.127 \begin{align}
                   
Your command was ignored.
Type  I <command> <return>  to replace it with another command,
or  <return>  to continue without it.

/Users/yawenvivianxia/Desktop/ORIE 5370/Theoretical Foundation/Nonlinear Features with Parameter-Linear Prediction.tex:128: Missing $ inserted.
<inserted text> 
                $
l.128 \ell
          _i(\Theta)
I've inserted a begin-math/end-math symbol since I think
you left one out. Proceed, with fingers crossed.

/Users/yawenvivianxia/Desktop/ORIE 5370/Theoretical Foundation/Nonlinear Features with Parameter-Linear Prediction.tex:129: Misplaced alignment tab character &.
l.129 &
       =
I can't figure out why you would want to use a tab mark
here. If you just want an ampersand, the remedy is
simple: Just type `I\&' now. But if some right brace
up above has ended a previous alignment prematurely,
you're probably due for more error messages, and you
might try typing `S' now just to see what is salvageable.


/Users/yawenvivianxia/Desktop/ORIE 5370/Theoretical Foundation/Nonlinear Features with Parameter-Linear Prediction.tex:137: LaTeX Error: \begin{document} ended by \end{align}.

See the LaTeX manual or LaTeX Companion for explanation.
Type  H <return>  for immediate help.
 ...                                              
                                                  
l.137 \end{align}
                 
Your command was ignored.
Type  I <command> <return>  to replace it with another command,
or  <return>  to continue without it.

/Users/yawenvivianxia/Desktop/ORIE 5370/Theoretical Foundation/Nonlinear Features with Parameter-Linear Prediction.tex:137: Missing $ inserted.
<inserted text> 
                $
l.137 \end{align}
                 
I've inserted something that you may have forgotten.
(See the <inserted text> above.)
With luck, this will get me unwedged. But if you
really didn't forget anything, try typing `2' now; then
my insertion and my current dilemma will both disappear.

/Users/yawenvivianxia/Desktop/ORIE 5370/Theoretical Foundation/Nonlinear Features with Parameter-Linear Prediction.tex:193: Undefined control sequence.
l.193 ...y_i=\Theta^\top \tilde\phi_i$ into \eqref
                                                  {eq:affine_decision_rule},...
The control sequence at the end of the top line
of your error message was never \def'ed. If you have
misspelled it (e.g., `\hobx'), type `I' and the correct
spelling (e.g., `I\hbox'). Otherwise just continue,
and I'll forget about whatever was undefined.

/Users/yawenvivianxia/Desktop/ORIE 5370/Theoretical Foundation/Nonlinear Features with Parameter-Linear Prediction.tex:193: Missing $ inserted.
<inserted text> 
                $
l.193 ...\top \tilde\phi_i$ into \eqref{eq:affine_
                                                  decision_rule}, the decisi...
I've inserted a begin-math/end-math symbol since I think
you left one out. Proceed, with fingers crossed.

/Users/yawenvivianxia/Desktop/ORIE 5370/Theoretical Foundation/Nonlinear Features with Parameter-Linear Prediction.tex:193: Extra }, or forgotten $.
l.193 ...i_i$ into \eqref{eq:affine_decision_rule}
                                                  , the decision becomes aff...
I've deleted a group-closing symbol because it seems to be
spurious, as in `$x}$'. But perhaps the } is legitimate and
you forgot something else, as in `\hbox{$x}'. In such cases
the way to recover is to insert both the forgotten and the
deleted material, e.g., by typing `I$}'.

/Users/yawenvivianxia/Desktop/ORIE 5370/Theoretical Foundation/Nonlinear Features with Parameter-Linear Prediction.tex:193: Missing $ inserted.
<inserted text> 
                $
l.193 ...}, the decision becomes affine in $\Theta
                                                  $. The sample loss is
I've inserted a begin-math/end-math symbol since I think
you left one out. Proceed, with fingers crossed.


Overfull \hbox (25.50684pt too wide) in paragraph at lines 193--194
[]\OT1/cmr/m/n/10 Substituting $[] = ^^B[][]$ into eq:affine$[]\OML/cmm/m/it/10 ecision[]ule; thedecisionbecomesaffinein$$\OT1/cmr/m/n/10 ^^B$.
 []



[3]

[4] (./Nonlinear Features with Parameter-Linear Prediction.aux)
 ***********
LaTeX2e <2024-11-01> patch level 2
L3 programming layer <2025-01-18>
 ***********


LaTeX Warning: Label(s) may have changed. Rerun to get cross-references right.

 )
(\end occurred inside a group at level 2)

### simple group (level 2) entered at line 193 ({)
### simple group (level 1) entered at line 112 ({)
### bottom level 
Here is how much of TeX's memory you used:
 1322 strings out of 473190
 22497 string characters out of 5715800
 418577 words of memory out of 5000000
 24610 multiletter control sequences out of 15000+600000
 563438 words of font info for 51 fonts, out of 8000000 for 9000
 1141 hyphenation exceptions out of 8191
 57i,6n,65p,546b,202s stack positions out of 10000i,1000n,20000p,200000b,200000s
</usr/local/texlive/2025/texmf-dist/fonts/type1/public/amsfonts/cm/cmbx10.pfb></usr/local/texlive/2025/texmf-dist/fonts/type1/public/amsfonts/cm/cmbx12.pfb></usr/local/texlive/2025/texmf-dist/fonts/type1/public/amsfonts/cm/cmex10.pfb></usr/local/texlive/2025/texmf-dist/fonts/type1/public/amsfonts/cm/cmmi10.pfb></usr/local/texlive/2025/texmf-dist/fonts/type1/public/amsfonts/cm/cmmi5.pfb></usr/local/texlive/2025/texmf-dist/fonts/type1/public/amsfonts/cm/cmmi7.pfb></usr/local/texlive/2025/texmf-dist/fonts/type1/public/amsfonts/cm/cmr10.pfb></usr/local/texlive/2025/texmf-dist/fonts/type1/public/amsfonts/cm/cmr12.pfb></usr/local/texlive/2025/texmf-dist/fonts/type1/public/amsfonts/cm/cmr17.pfb></usr/local/texlive/2025/texmf-dist/fonts/type1/public/amsfonts/cm/cmr7.pfb></usr/local/texlive/2025/texmf-dist/fonts/type1/public/amsfonts/cm/cmsy10.pfb></usr/local/texlive/2025/texmf-dist/fonts/type1/public/amsfonts/cm/cmsy7.pfb></usr/local/texlive/2025/texmf-dist/fonts/type1/public/amsfonts/cm/cmti10.pfb>
Output written on "Nonlinear Features with Parameter-Linear Prediction.pdf" (4 pages, 160439 bytes).
PDF statistics:
 82 PDF objects out of 1000 (max. 8388607)
 49 compressed objects within 1 object stream
 0 named destinations out of 1000 (max. 500000)
 1 words of extra memory for PDF output out of 10000 (max. 10000000)

